running egg_info
writing ../../build/gen3_robot/gen3_robot.egg-info/PKG-INFO
writing dependency_links to ../../build/gen3_robot/gen3_robot.egg-info/dependency_links.txt
writing entry points to ../../build/gen3_robot/gen3_robot.egg-info/entry_points.txt
writing requirements to ../../build/gen3_robot/gen3_robot.egg-info/requires.txt
writing top-level names to ../../build/gen3_robot/gen3_robot.egg-info/top_level.txt
reading manifest file '../../build/gen3_robot/gen3_robot.egg-info/SOURCES.txt'
writing manifest file '../../build/gen3_robot/gen3_robot.egg-info/SOURCES.txt'
running build
running build_py
copying gen3_robot/circle_sender.py -> /home/jack/Desktop/mujoco/mujoco_demo/build/gen3_robot/build/lib/gen3_robot
copying gen3_robot/command_sender.py -> /home/jack/Desktop/mujoco/mujoco_demo/build/gen3_robot/build/lib/gen3_robot
copying gen3_robot/base_controller.py -> /home/jack/Desktop/mujoco/mujoco_demo/build/gen3_robot/build/lib/gen3_robot
copying gen3_robot/__init__.py -> /home/jack/Desktop/mujoco/mujoco_demo/build/gen3_robot/build/lib/gen3_robot
copying gen3_robot/gen3_controller.py -> /home/jack/Desktop/mujoco/mujoco_demo/build/gen3_robot/build/lib/gen3_robot
copying gen3_robot/gen3_server.py -> /home/jack/Desktop/mujoco/mujoco_demo/build/gen3_robot/build/lib/gen3_robot
running install
running install_lib
copying /home/jack/Desktop/mujoco/mujoco_demo/build/gen3_robot/build/lib/gen3_robot/gen3_controller.py -> /home/jack/Desktop/mujoco/mujoco_demo/install/gen3_robot/lib/python3.10/site-packages/gen3_robot
byte-compiling /home/jack/Desktop/mujoco/mujoco_demo/install/gen3_robot/lib/python3.10/site-packages/gen3_robot/gen3_controller.py to gen3_controller.cpython-310.pyc
running install_data
