/home/jack/Desktop/mujoco/mujoco_demo/install/gen3_robot/lib/python3.10/site-packages/gen3_robot/base_controller.py
/home/jack/Desktop/mujoco/mujoco_demo/install/gen3_robot/lib/python3.10/site-packages/gen3_robot/trajectory_publisher.py
/home/jack/Desktop/mujoco/mujoco_demo/install/gen3_robot/lib/python3.10/site-packages/gen3_robot/__init__.py
/home/jack/Desktop/mujoco/mujoco_demo/install/gen3_robot/lib/python3.10/site-packages/gen3_robot/gen3_controller.py
/home/jack/Desktop/mujoco/mujoco_demo/install/gen3_robot/lib/python3.10/site-packages/gen3_robot/gen3_robot_node.py
/home/jack/Desktop/mujoco/mujoco_demo/install/gen3_robot/lib/python3.10/site-packages/gen3_robot/planning/__init__.py
/home/jack/Desktop/mujoco/mujoco_demo/install/gen3_robot/lib/python3.10/site-packages/gen3_robot/sim/utils.py
/home/jack/Desktop/mujoco/mujoco_demo/install/gen3_robot/lib/python3.10/site-packages/gen3_robot/sim/mujoco_sim.py
/home/jack/Desktop/mujoco/mujoco_demo/install/gen3_robot/lib/python3.10/site-packages/gen3_robot/sim/viewer.py
/home/jack/Desktop/mujoco/mujoco_demo/install/gen3_robot/lib/python3.10/site-packages/gen3_robot/sim/state.py
/home/jack/Desktop/mujoco/mujoco_demo/install/gen3_robot/lib/python3.10/site-packages/gen3_robot/sim/__init__.py
/home/jack/Desktop/mujoco/mujoco_demo/install/gen3_robot/lib/python3.10/site-packages/gen3_robot/envs/__init__.py
/home/jack/Desktop/mujoco/mujoco_demo/install/gen3_robot/lib/python3.10/site-packages/gen3_robot/control/__init__.py
/home/jack/Desktop/mujoco/mujoco_demo/install/gen3_robot/lib/python3.10/site-packages/gen3_robot/robot/__init__.py
/home/jack/Desktop/mujoco/mujoco_demo/install/gen3_robot/lib/python3.10/site-packages/gen3_robot/__pycache__/base_controller.cpython-310.pyc
/home/jack/Desktop/mujoco/mujoco_demo/install/gen3_robot/lib/python3.10/site-packages/gen3_robot/__pycache__/trajectory_publisher.cpython-310.pyc
/home/jack/Desktop/mujoco/mujoco_demo/install/gen3_robot/lib/python3.10/site-packages/gen3_robot/__pycache__/__init__.cpython-310.pyc
/home/jack/Desktop/mujoco/mujoco_demo/install/gen3_robot/lib/python3.10/site-packages/gen3_robot/__pycache__/gen3_controller.cpython-310.pyc
/home/jack/Desktop/mujoco/mujoco_demo/install/gen3_robot/lib/python3.10/site-packages/gen3_robot/__pycache__/gen3_robot_node.cpython-310.pyc
/home/jack/Desktop/mujoco/mujoco_demo/install/gen3_robot/lib/python3.10/site-packages/gen3_robot/planning/__pycache__/__init__.cpython-310.pyc
/home/jack/Desktop/mujoco/mujoco_demo/install/gen3_robot/lib/python3.10/site-packages/gen3_robot/sim/__pycache__/utils.cpython-310.pyc
/home/jack/Desktop/mujoco/mujoco_demo/install/gen3_robot/lib/python3.10/site-packages/gen3_robot/sim/__pycache__/mujoco_sim.cpython-310.pyc
/home/jack/Desktop/mujoco/mujoco_demo/install/gen3_robot/lib/python3.10/site-packages/gen3_robot/sim/__pycache__/viewer.cpython-310.pyc
/home/jack/Desktop/mujoco/mujoco_demo/install/gen3_robot/lib/python3.10/site-packages/gen3_robot/sim/__pycache__/state.cpython-310.pyc
/home/jack/Desktop/mujoco/mujoco_demo/install/gen3_robot/lib/python3.10/site-packages/gen3_robot/sim/__pycache__/__init__.cpython-310.pyc
/home/jack/Desktop/mujoco/mujoco_demo/install/gen3_robot/lib/python3.10/site-packages/gen3_robot/envs/__pycache__/__init__.cpython-310.pyc
/home/jack/Desktop/mujoco/mujoco_demo/install/gen3_robot/lib/python3.10/site-packages/gen3_robot/control/__pycache__/__init__.cpython-310.pyc
/home/jack/Desktop/mujoco/mujoco_demo/install/gen3_robot/lib/python3.10/site-packages/gen3_robot/robot/__pycache__/__init__.cpython-310.pyc
/home/jack/Desktop/mujoco/mujoco_demo/install/gen3_robot/share/ament_index/resource_index/packages/gen3_robot
/home/jack/Desktop/mujoco/mujoco_demo/install/gen3_robot/share/gen3_robot/package.xml
/home/jack/Desktop/mujoco/mujoco_demo/install/gen3_robot/share/gen3_robot/launch/planning.launch.py
/home/jack/Desktop/mujoco/mujoco_demo/install/gen3_robot/share/gen3_robot/launch/control.launch.py
/home/jack/Desktop/mujoco/mujoco_demo/install/gen3_robot/share/gen3_robot/launch/gen3_robot.launch.py
/home/jack/Desktop/mujoco/mujoco_demo/install/gen3_robot/share/gen3_robot/launch/sim.launch.py
/home/jack/Desktop/mujoco/mujoco_demo/install/gen3_robot/share/gen3_robot/launch/training_bridge.launch.py
/home/jack/Desktop/mujoco/mujoco_demo/install/gen3_robot/share/gen3_robot/config/ros_topics.yaml
/home/jack/Desktop/mujoco/mujoco_demo/install/gen3_robot/share/gen3_robot/config/sim.yaml
/home/jack/Desktop/mujoco/mujoco_demo/install/gen3_robot/share/gen3_robot/config/planning.yaml
/home/jack/Desktop/mujoco/mujoco_demo/install/gen3_robot/share/gen3_robot/config/control.yaml
/home/jack/Desktop/mujoco/mujoco_demo/install/gen3_robot/share/gen3_robot/config/gen3_controller.yaml
/home/jack/Desktop/mujoco/mujoco_demo/install/gen3_robot/share/gen3_robot/models/kinova_gen3/CHANGELOG.md
/home/jack/Desktop/mujoco/mujoco_demo/install/gen3_robot/share/gen3_robot/models/kinova_gen3/gen3.xml
/home/jack/Desktop/mujoco/mujoco_demo/install/gen3_robot/share/gen3_robot/models/kinova_gen3/base_controller.py
/home/jack/Desktop/mujoco/mujoco_demo/install/gen3_robot/share/gen3_robot/models/kinova_gen3/gen3_robot.py
/home/jack/Desktop/mujoco/mujoco_demo/install/gen3_robot/share/gen3_robot/models/kinova_gen3/gen3.png
/home/jack/Desktop/mujoco/mujoco_demo/install/gen3_robot/share/gen3_robot/models/kinova_gen3/demo.xml
/home/jack/Desktop/mujoco/mujoco_demo/install/gen3_robot/share/gen3_robot/models/kinova_gen3/LICENSE
/home/jack/Desktop/mujoco/mujoco_demo/install/gen3_robot/share/gen3_robot/models/kinova_gen3/scene.xml
/home/jack/Desktop/mujoco/mujoco_demo/install/gen3_robot/share/gen3_robot/models/kinova_gen3/README.md
/home/jack/Desktop/mujoco/mujoco_demo/install/gen3_robot/share/gen3_robot/models/kinova_gen3/assets/spherical_wrist_2_link.stl
/home/jack/Desktop/mujoco/mujoco_demo/install/gen3_robot/share/gen3_robot/models/kinova_gen3/assets/forearm_link.stl
/home/jack/Desktop/mujoco/mujoco_demo/install/gen3_robot/share/gen3_robot/models/kinova_gen3/assets/shoulder_link.stl
/home/jack/Desktop/mujoco/mujoco_demo/install/gen3_robot/share/gen3_robot/models/kinova_gen3/assets/base_link.stl
/home/jack/Desktop/mujoco/mujoco_demo/install/gen3_robot/share/gen3_robot/models/kinova_gen3/assets/half_arm_1_link.stl
/home/jack/Desktop/mujoco/mujoco_demo/install/gen3_robot/share/gen3_robot/models/kinova_gen3/assets/bracelet_with_vision_link.stl
/home/jack/Desktop/mujoco/mujoco_demo/install/gen3_robot/share/gen3_robot/models/kinova_gen3/assets/spherical_wrist_1_link.stl
/home/jack/Desktop/mujoco/mujoco_demo/install/gen3_robot/share/gen3_robot/models/kinova_gen3/assets/bracelet_no_vision_link.stl
/home/jack/Desktop/mujoco/mujoco_demo/install/gen3_robot/share/gen3_robot/models/kinova_gen3/assets/half_arm_2_link.stl
/home/jack/Desktop/mujoco/mujoco_demo/install/gen3_robot/share/gen3_robot/models/kinova_gen3/__pycache__/base_controller.cpython-310.pyc
/home/jack/Desktop/mujoco/mujoco_demo/install/gen3_robot/lib/python3.10/site-packages/gen3_robot-0.0.0-py3.10.egg-info/requires.txt
/home/jack/Desktop/mujoco/mujoco_demo/install/gen3_robot/lib/python3.10/site-packages/gen3_robot-0.0.0-py3.10.egg-info/entry_points.txt
/home/jack/Desktop/mujoco/mujoco_demo/install/gen3_robot/lib/python3.10/site-packages/gen3_robot-0.0.0-py3.10.egg-info/top_level.txt
/home/jack/Desktop/mujoco/mujoco_demo/install/gen3_robot/lib/python3.10/site-packages/gen3_robot-0.0.0-py3.10.egg-info/zip-safe
/home/jack/Desktop/mujoco/mujoco_demo/install/gen3_robot/lib/python3.10/site-packages/gen3_robot-0.0.0-py3.10.egg-info/PKG-INFO
/home/jack/Desktop/mujoco/mujoco_demo/install/gen3_robot/lib/python3.10/site-packages/gen3_robot-0.0.0-py3.10.egg-info/SOURCES.txt
/home/jack/Desktop/mujoco/mujoco_demo/install/gen3_robot/lib/python3.10/site-packages/gen3_robot-0.0.0-py3.10.egg-info/dependency_links.txt
/home/jack/Desktop/mujoco/mujoco_demo/install/gen3_robot/lib/gen3_robot/gen3_robot_node
/home/jack/Desktop/mujoco/mujoco_demo/install/gen3_robot/lib/gen3_robot/trajectory_publisher
